{
  "stats": {
    "suites": 1,
    "tests": 2,
    "passes": 1,
    "pending": 0,
    "failures": 1,
    "start": "2022-09-09T10:42:48.125Z",
    "end": "2022-09-09T10:43:58.663Z",
    "duration": 70538,
    "testsRegistered": 2,
    "passPercent": 50,
    "pendingPercent": 0,
    "other": 0,
    "hasOther": false,
    "skipped": 0,
    "hasSkipped": false
  },
  "results": [
    {
      "uuid": "df3fd865-d8fc-4629-9511-bc54c88a94f4",
      "title": "",
      "fullFile": "",
      "file": "",
      "beforeHooks": [],
      "afterHooks": [],
      "tests": [],
      "suites": [
        {
          "uuid": "0db3ae5e-44ec-4b8e-88a9-ee045733d2ae",
          "title": "Add to basket",
          "fullFile": "",
          "file": "",
          "beforeHooks": [],
          "afterHooks": [],
          "tests": [
            {
              "title": "Add Product to Basket (example #1)",
              "fullTitle": "Add to basket Add Product to Basket (example #1)",
              "timedOut": null,
              "duration": 36723,
              "state": "failed",
              "speed": null,
              "pass": false,
              "fail": true,
              "pending": false,
              "context": null,
              "code": "if (backgroundSection) {\n  backgroundSection.steps.forEach(step => {\n    stepTest.call(this, step);\n  });\n}\nscenario.steps.forEach(step => {\n  const newStep = Object.assign({}, step);\n  newStep.text = replaceParameterTags(rowData, newStep.text);\n  stepTest.call(this, newStep, rowData);\n});",
              "err": {
                "message": "CypressError: Timed out retrying: Expected to find element: 'input[name='Large']', but never found it. Queried from element: [ <label.t-h4.tab-nav-item>, 8 more... ]",
                "estack": "CypressError: Timed out retrying: Expected to find element: 'input[name='Large']', but never found it. Queried from element: [ <label.t-h4.tab-nav-item>, 8 more... ]\n    at Object.cypressErr (https://www.rapha.cc/__cypress/runner/cypress_runner.js:83220:11)\n    at Object.throwErr (https://www.rapha.cc/__cypress/runner/cypress_runner.js:83185:18)\n    at Object.throwErrByPath (https://www.rapha.cc/__cypress/runner/cypress_runner.js:83212:17)\n    at retry (https://www.rapha.cc/__cypress/runner/cypress_runner.js:76640:16)\n    at https://www.rapha.cc/__cypress/runner/cypress_runner.js:68612:18\n    at tryCatcher (https://www.rapha.cc/__cypress/runner/cypress_runner.js:132142:23)\n    at Promise._settlePromiseFromHandler (https://www.rapha.cc/__cypress/runner/cypress_runner.js:130160:31)\n    at Promise._settlePromise (https://www.rapha.cc/__cypress/runner/cypress_runner.js:130217:18)\n    at Promise._settlePromise0 (https://www.rapha.cc/__cypress/runner/cypress_runner.js:130262:10)\n    at Promise._settlePromises (https://www.rapha.cc/__cypress/runner/cypress_runner.js:130337:18)\n    at Async._drainQueue (https://www.rapha.cc/__cypress/runner/cypress_runner.js:127066:16)\n    at Async._drainQueues (https://www.rapha.cc/__cypress/runner/cypress_runner.js:127076:10)\n    at Async.drainQueues (https://www.rapha.cc/__cypress/runner/cypress_runner.js:126950:14)",
                "diff": null
              },
              "uuid": "6a5ab563-cf63-4b46-926e-059c55592c49",
              "parentUUID": "0db3ae5e-44ec-4b8e-88a9-ee045733d2ae",
              "isHook": false,
              "skipped": false
            },
            {
              "title": "Add Product to Basket (example #2)",
              "fullTitle": "Add to basket Add Product to Basket (example #2)",
              "timedOut": null,
              "duration": 32845,
              "state": "passed",
              "speed": "slow",
              "pass": true,
              "fail": false,
              "pending": false,
              "context": null,
              "code": "if (backgroundSection) {\n  backgroundSection.steps.forEach(step => {\n    stepTest.call(this, step);\n  });\n}\nscenario.steps.forEach(step => {\n  const newStep = Object.assign({}, step);\n  newStep.text = replaceParameterTags(rowData, newStep.text);\n  stepTest.call(this, newStep, rowData);\n});",
              "err": {},
              "uuid": "27c62804-8bf2-467a-a426-6d525adf63be",
              "parentUUID": "0db3ae5e-44ec-4b8e-88a9-ee045733d2ae",
              "isHook": false,
              "skipped": false
            }
          ],
          "suites": [],
          "passes": [
            "27c62804-8bf2-467a-a426-6d525adf63be"
          ],
          "failures": [
            "6a5ab563-cf63-4b46-926e-059c55592c49"
          ],
          "pending": [],
          "skipped": [],
          "duration": 69568,
          "root": false,
          "rootEmpty": false,
          "_timeout": 2000
        }
      ],
      "passes": [],
      "failures": [],
      "pending": [],
      "skipped": [],
      "duration": 0,
      "root": true,
      "rootEmpty": true,
      "_timeout": 2000
    }
  ],
  "meta": {
    "mocha": {
      "version": "6.1.4"
    },
    "mochawesome": {
      "options": {
        "quiet": false,
        "reportFilename": "AddToBasket.feature",
        "saveHtml": false,
        "saveJson": true,
        "useInlineDiffs": false
      },
      "version": "4.0.1"
    },
    "marge": {
      "options": {
        "id": "default",
        "reportDir": "./cypress/reports",
        "reportFilename": "AddToBasket.feature",
        "reportTitle": "AddToBasket.feature",
        "reportPageTitle": "AddToBasket.feature",
        "overwrite": true,
        "showPassed": false,
        "showFailed": true,
        "enableCode": true,
        "inline": true,
        "html": false,
        "json": true
      },
      "version": "4.0.0"
    }
  }
}